        -:    0:Source:/home/ankush/CLionProjects/Problem_3_12/main.cpp
        -:    0:Graph:/home/ankush/CLionProjects/Problem_3_12/cmake-build-debug-coverage/CMakeFiles/Problem_3_12.dir/main.cpp.gcno
        -:    0:Data:/home/ankush/CLionProjects/Problem_3_12/cmake-build-debug-coverage/CMakeFiles/Problem_3_12.dir/main.cpp.gcda
        -:    0:Runs:1
        -:    1:// Main function for class Account
        -:    2:#include <iostream>
        -:    3:#include "Account.h"
        -:    4:
function main called 1 returned 100% blocks executed 100%
        1:    5:int main() {
        -:    6:    // create two Account objects
        1:    7:    Account account1 (2000);
        1:    7-block  0
call    0 returned 1
branch  1 taken 1 (fallthrough)
branch  2 taken 0 (throw)
        1:    8:    Account account2 (-100);
        1:    8-block  0
call    0 returned 1
branch  1 taken 1 (fallthrough)
branch  2 taken 0 (throw)
        1:    9:    account1.credit();
        1:    9-block  0
call    0 returned 1
branch  1 taken 1 (fallthrough)
branch  2 taken 0 (throw)
        1:   10:    account1.getBalance();
        1:   10-block  0
call    0 returned 1
branch  1 taken 1 (fallthrough)
branch  2 taken 0 (throw)
        1:   11:    account2.credit();
        1:   11-block  0
call    0 returned 1
branch  1 taken 1 (fallthrough)
branch  2 taken 0 (throw)
        1:   12:    account2.debit();
        1:   12-block  0
call    0 returned 1
branch  1 taken 1 (fallthrough)
branch  2 taken 0 (throw)
        1:   13:    account2.getBalance();
        1:   13-block  0
call    0 returned 1
branch  1 taken 1 (fallthrough)
branch  2 taken 0 (throw)
        1:   14:    return 0;
        1:   14-block  0
        -:   15:}
